<?xml version="1.0" encoding="UTF-8"?>
<testsuite name="com.compomics.secrete.site.SecreteSiteApplicationTests" time="0.018" tests="1" errors="1" skipped="0" failures="0">
  <properties>
    <property name="idea.version" value="2016.3.6"/>
    <property name="java.runtime.name" value="Java(TM) SE Runtime Environment"/>
    <property name="sun.boot.library.path" value="C:\Program Files\Java\jdk1.8.0_92\jre\bin"/>
    <property name="java.vm.version" value="25.92-b14"/>
    <property name="java.vm.vendor" value="Oracle Corporation"/>
    <property name="maven.multiModuleProjectDirectory" value="C:\Users\demet\projects\secrete-site"/>
    <property name="java.vendor.url" value="http://java.oracle.com/"/>
    <property name="path.separator" value=";"/>
    <property name="guice.disable.misplaced.annotation.check" value="true"/>
    <property name="java.vm.name" value="Java HotSpot(TM) 64-Bit Server VM"/>
    <property name="file.encoding.pkg" value="sun.io"/>
    <property name="idea.launcher.port" value="7535"/>
    <property name="user.script" value=""/>
    <property name="user.country" value="US"/>
    <property name="sun.java.launcher" value="SUN_STANDARD"/>
    <property name="sun.os.patch.level" value=""/>
    <property name="java.vm.specification.name" value="Java Virtual Machine Specification"/>
    <property name="user.dir" value="C:\Users\demet\projects\secrete-site"/>
    <property name="java.runtime.version" value="1.8.0_92-b14"/>
    <property name="java.awt.graphicsenv" value="sun.awt.Win32GraphicsEnvironment"/>
    <property name="java.endorsed.dirs" value="C:\Program Files\Java\jdk1.8.0_92\jre\lib\endorsed"/>
    <property name="os.arch" value="amd64"/>
    <property name="java.io.tmpdir" value="C:\Users\demet\AppData\Local\Temp\"/>
    <property name="line.separator" value="&#10;"/>
    <property name="java.vm.specification.vendor" value="Oracle Corporation"/>
    <property name="user.variant" value=""/>
    <property name="os.name" value="Windows 10"/>
    <property name="classworlds.conf" value="C:\Program Files (x86)\JetBrains\IntelliJ IDEA 2016.3\plugins\maven\lib\maven3\bin\m2.conf"/>
    <property name="sun.jnu.encoding" value="Cp1252"/>
    <property name="java.library.path" value="C:\Program Files\Java\jdk1.8.0_92\bin;C:\WINDOWS\Sun\Java\bin;C:\WINDOWS\system32;C:\WINDOWS;C:\ProgramData\Oracle\Java\javapath;C:\Program Files (x86)\Intel\iCLS Client\;C:\Program Files\Intel\iCLS Client\;C:\WINDOWS\system32;C:\WINDOWS;C:\WINDOWS\System32\Wbem;C:\WINDOWS\System32\WindowsPowerShell\v1.0\;C:\Program Files (x86)\Intel\Intel(R) Management Engine Components\DAL;C:\Program Files\Intel\Intel(R) Management Engine Components\DAL;C:\Program Files (x86)\Intel\Intel(R) Management Engine Components\IPT;C:\Program Files\Intel\Intel(R) Management Engine Components\IPT;C:\Program Files\Java\jdk1.8.0_92;C:\Program Files\Common Files\Intel\WirelessCommon\;C:\Program Files\Git\cmd;%CATALINA_HOME%\bin;C:\Program Files\nodejs\;C:\Users\demet\AppData\Roaming\npm\;C:\Program Files (x86)\Skype\Phone\;C:\Users\demet\AppData\Local\Microsoft\WindowsApps;C:\Users\demet\AppData\Roaming\npm;."/>
    <property name="java.specification.name" value="Java Platform API Specification"/>
    <property name="java.class.version" value="52.0"/>
    <property name="sun.management.compiler" value="HotSpot 64-Bit Tiered Compilers"/>
    <property name="os.version" value="10.0"/>
    <property name="user.home" value="C:\Users\demet"/>
    <property name="user.timezone" value="Europe/Paris"/>
    <property name="java.awt.printerjob" value="sun.awt.windows.WPrinterJob"/>
    <property name="java.specification.version" value="1.8"/>
    <property name="idea.launcher.bin.path" value="C:\Program Files (x86)\JetBrains\IntelliJ IDEA 2016.3\bin"/>
    <property name="file.encoding" value="UTF-8"/>
    <property name="user.name" value="demet"/>
    <property name="java.class.path" value="C:\Program Files (x86)\JetBrains\IntelliJ IDEA 2016.3\plugins\maven\lib\maven3\boot\plexus-classworlds-2.5.2.jar;C:\Program Files (x86)\JetBrains\IntelliJ IDEA 2016.3\lib\idea_rt.jar"/>
    <property name="java.vm.specification.version" value="1.8"/>
    <property name="sun.arch.data.model" value="64"/>
    <property name="java.home" value="C:\Program Files\Java\jdk1.8.0_92\jre"/>
    <property name="sun.java.command" value="com.intellij.rt.execution.application.AppMain org.codehaus.classworlds.Launcher -Didea.version=2016.3.6 install"/>
    <property name="java.specification.vendor" value="Oracle Corporation"/>
    <property name="user.language" value="en"/>
    <property name="awt.toolkit" value="sun.awt.windows.WToolkit"/>
    <property name="java.vm.info" value="mixed mode"/>
    <property name="java.version" value="1.8.0_92"/>
    <property name="java.ext.dirs" value="C:\Program Files\Java\jdk1.8.0_92\jre\lib\ext;C:\WINDOWS\Sun\Java\lib\ext"/>
    <property name="sun.boot.class.path" value="C:\Program Files\Java\jdk1.8.0_92\jre\lib\resources.jar;C:\Program Files\Java\jdk1.8.0_92\jre\lib\rt.jar;C:\Program Files\Java\jdk1.8.0_92\jre\lib\sunrsasign.jar;C:\Program Files\Java\jdk1.8.0_92\jre\lib\jsse.jar;C:\Program Files\Java\jdk1.8.0_92\jre\lib\jce.jar;C:\Program Files\Java\jdk1.8.0_92\jre\lib\charsets.jar;C:\Program Files\Java\jdk1.8.0_92\jre\lib\jfr.jar;C:\Program Files\Java\jdk1.8.0_92\jre\classes"/>
    <property name="java.vendor" value="Oracle Corporation"/>
    <property name="maven.home" value="C:\Program Files (x86)\JetBrains\IntelliJ IDEA 2016.3\plugins\maven\lib\maven3"/>
    <property name="file.separator" value="\"/>
    <property name="java.vendor.url.bug" value="http://bugreport.sun.com/bugreport/"/>
    <property name="sun.cpu.endian" value="little"/>
    <property name="sun.io.unicode.encoding" value="UnicodeLittle"/>
    <property name="sun.desktop" value="windows"/>
    <property name="sun.cpu.isalist" value="amd64"/>
  </properties>
  <testcase name="initializationError" classname="com.compomics.secrete.site.SecreteSiteApplicationTests" time="0.018">
    <error message="Unable to find a @SpringBootConfiguration, you need to use @ContextConfiguration or @SpringBootTest(classes=...) with your test" type="java.lang.IllegalStateException"><![CDATA[java.lang.IllegalStateException: Unable to find a @SpringBootConfiguration, you need to use @ContextConfiguration or @SpringBootTest(classes=...) with your test
	at org.springframework.util.Assert.state(Assert.java:71)
	at org.springframework.boot.test.context.SpringBootTestContextBootstrapper.getOrFindConfigurationClasses(SpringBootTestContextBootstrapper.java:258)
	at org.springframework.boot.test.context.SpringBootTestContextBootstrapper.processMergedContextConfiguration(SpringBootTestContextBootstrapper.java:153)
	at org.springframework.test.context.support.AbstractTestContextBootstrapper.buildMergedContextConfiguration(AbstractTestContextBootstrapper.java:407)
	at org.springframework.test.context.support.AbstractTestContextBootstrapper.buildDefaultMergedContextConfiguration(AbstractTestContextBootstrapper.java:323)
	at org.springframework.test.context.support.AbstractTestContextBootstrapper.buildMergedContextConfiguration(AbstractTestContextBootstrapper.java:277)
	at org.springframework.test.context.support.AbstractTestContextBootstrapper.buildTestContext(AbstractTestContextBootstrapper.java:112)
	at org.springframework.boot.test.context.SpringBootTestContextBootstrapper.buildTestContext(SpringBootTestContextBootstrapper.java:97)
	at org.springframework.test.context.TestContextManager.<init>(TestContextManager.java:135)
	at org.springframework.test.context.TestContextManager.<init>(TestContextManager.java:120)
	at org.springframework.test.context.junit4.SpringJUnit4ClassRunner.createTestContextManager(SpringJUnit4ClassRunner.java:150)
	at org.springframework.test.context.junit4.SpringJUnit4ClassRunner.<init>(SpringJUnit4ClassRunner.java:141)
	at org.springframework.test.context.junit4.SpringRunner.<init>(SpringRunner.java:49)
	at sun.reflect.NativeConstructorAccessorImpl.newInstance0(Native Method)
	at sun.reflect.NativeConstructorAccessorImpl.newInstance(NativeConstructorAccessorImpl.java:62)
	at sun.reflect.DelegatingConstructorAccessorImpl.newInstance(DelegatingConstructorAccessorImpl.java:45)
	at java.lang.reflect.Constructor.newInstance(Constructor.java:423)
	at org.junit.internal.builders.AnnotatedBuilder.buildRunner(AnnotatedBuilder.java:104)
	at org.junit.internal.builders.AnnotatedBuilder.runnerForClass(AnnotatedBuilder.java:86)
	at org.junit.runners.model.RunnerBuilder.safeRunnerForClass(RunnerBuilder.java:59)
	at org.junit.internal.builders.AllDefaultPossibilitiesBuilder.runnerForClass(AllDefaultPossibilitiesBuilder.java:26)
	at org.junit.runners.model.RunnerBuilder.safeRunnerForClass(RunnerBuilder.java:59)
	at org.junit.internal.requests.ClassRequest.getRunner(ClassRequest.java:33)
	at org.apache.maven.surefire.junit4.JUnit4Provider.execute(JUnit4Provider.java:283)
	at org.apache.maven.surefire.junit4.JUnit4Provider.executeWithRerun(JUnit4Provider.java:173)
	at org.apache.maven.surefire.junit4.JUnit4Provider.executeTestSet(JUnit4Provider.java:153)
	at org.apache.maven.surefire.junit4.JUnit4Provider.invoke(JUnit4Provider.java:128)
	at org.apache.maven.surefire.booter.ForkedBooter.invokeProviderInSameClassLoader(ForkedBooter.java:203)
	at org.apache.maven.surefire.booter.ForkedBooter.runSuitesInProcess(ForkedBooter.java:155)
	at org.apache.maven.surefire.booter.ForkedBooter.main(ForkedBooter.java:103)
]]></error>
    <system-out><![CDATA[14:01:11.316 [main] DEBUG org.springframework.test.context.junit4.SpringJUnit4ClassRunner - SpringJUnit4ClassRunner constructor called with [class com.compomics.secrete.site.SecreteSiteApplicationTests]
14:01:11.341 [main] DEBUG org.springframework.test.context.BootstrapUtils - Instantiating CacheAwareContextLoaderDelegate from class [org.springframework.test.context.cache.DefaultCacheAwareContextLoaderDelegate]
14:01:11.370 [main] DEBUG org.springframework.test.context.BootstrapUtils - Instantiating BootstrapContext using constructor [public org.springframework.test.context.support.DefaultBootstrapContext(java.lang.Class,org.springframework.test.context.CacheAwareContextLoaderDelegate)]
14:01:11.471 [main] DEBUG org.springframework.test.context.BootstrapUtils - Instantiating TestContextBootstrapper for test class [com.compomics.secrete.site.SecreteSiteApplicationTests] from class [org.springframework.boot.test.context.SpringBootTestContextBootstrapper]
14:01:11.491 [main] INFO org.springframework.boot.test.context.SpringBootTestContextBootstrapper - Neither @ContextConfiguration nor @ContextHierarchy found for test class [com.compomics.secrete.site.SecreteSiteApplicationTests], using SpringBootContextLoader
14:01:11.498 [main] DEBUG org.springframework.test.context.support.AbstractContextLoader - Did not detect default resource location for test class [com.compomics.secrete.site.SecreteSiteApplicationTests]: class path resource [com/compomics/secrete/site/SecreteSiteApplicationTests-context.xml] does not exist
14:01:11.498 [main] DEBUG org.springframework.test.context.support.AbstractContextLoader - Did not detect default resource location for test class [com.compomics.secrete.site.SecreteSiteApplicationTests]: class path resource [com/compomics/secrete/site/SecreteSiteApplicationTestsContext.groovy] does not exist
14:01:11.498 [main] INFO org.springframework.test.context.support.AbstractContextLoader - Could not detect default resource locations for test class [com.compomics.secrete.site.SecreteSiteApplicationTests]: no resource found for suffixes {-context.xml, Context.groovy}.
14:01:11.499 [main] INFO org.springframework.test.context.support.AnnotationConfigContextLoaderUtils - Could not detect default configuration classes for test class [com.compomics.secrete.site.SecreteSiteApplicationTests]: SecreteSiteApplicationTests does not declare any static, non-private, non-final, nested classes annotated with @Configuration.
14:01:11.607 [main] DEBUG org.springframework.test.context.support.ActiveProfilesUtils - Could not find an 'annotation declaring class' for annotation type [org.springframework.test.context.ActiveProfiles] and class [com.compomics.secrete.site.SecreteSiteApplicationTests]
14:01:11.629 [main] DEBUG org.springframework.core.env.StandardEnvironment - Adding [systemProperties] PropertySource with lowest search precedence
14:01:11.629 [main] DEBUG org.springframework.core.env.StandardEnvironment - Adding [systemEnvironment] PropertySource with lowest search precedence
14:01:11.630 [main] DEBUG org.springframework.core.env.StandardEnvironment - Initialized StandardEnvironment with PropertySources [systemProperties,systemEnvironment]
14:01:11.657 [main] DEBUG org.springframework.core.io.support.PathMatchingResourcePatternResolver - Resolved classpath location [com/compomics/secrete/site/] to resources [URL [file:/C:/Users/demet/projects/secrete-site/target/test-classes/com/compomics/secrete/site/]]
14:01:11.657 [main] DEBUG org.springframework.core.io.support.PathMatchingResourcePatternResolver - Looking for matching resources in directory tree [C:\Users\demet\projects\secrete-site\target\test-classes\com\compomics\secrete\site]
14:01:11.657 [main] DEBUG org.springframework.core.io.support.PathMatchingResourcePatternResolver - Searching directory [C:\Users\demet\projects\secrete-site\target\test-classes\com\compomics\secrete\site] for files matching pattern [C:/Users/demet/projects/secrete-site/target/test-classes/com/compomics/secrete/site/*.class]
14:01:11.665 [main] DEBUG org.springframework.core.io.support.PathMatchingResourcePatternResolver - Resolved location pattern [classpath*:com/compomics/secrete/site/*.class] to resources [file [C:\Users\demet\projects\secrete-site\target\test-classes\com\compomics\secrete\site\SecreteSiteApplicationTests.class]]
14:01:11.719 [main] DEBUG org.springframework.core.io.support.PathMatchingResourcePatternResolver - Resolved classpath location [com/compomics/secrete/] to resources [URL [file:/C:/Users/demet/projects/secrete-site/target/test-classes/com/compomics/secrete/]]
14:01:11.719 [main] DEBUG org.springframework.core.io.support.PathMatchingResourcePatternResolver - Looking for matching resources in directory tree [C:\Users\demet\projects\secrete-site\target\test-classes\com\compomics\secrete]
14:01:11.719 [main] DEBUG org.springframework.core.io.support.PathMatchingResourcePatternResolver - Searching directory [C:\Users\demet\projects\secrete-site\target\test-classes\com\compomics\secrete] for files matching pattern [C:/Users/demet/projects/secrete-site/target/test-classes/com/compomics/secrete/*.class]
14:01:11.720 [main] DEBUG org.springframework.core.io.support.PathMatchingResourcePatternResolver - Resolved location pattern [classpath*:com/compomics/secrete/*.class] to resources []
14:01:11.721 [main] DEBUG org.springframework.core.io.support.PathMatchingResourcePatternResolver - Resolved classpath location [com/compomics/] to resources [URL [file:/C:/Users/demet/projects/secrete-site/target/test-classes/com/compomics/], URL [file:/C:/Users/demet/projects/secrete-site/target/classes/com/compomics/]]
14:01:11.721 [main] DEBUG org.springframework.core.io.support.PathMatchingResourcePatternResolver - Looking for matching resources in directory tree [C:\Users\demet\projects\secrete-site\target\test-classes\com\compomics]
14:01:11.721 [main] DEBUG org.springframework.core.io.support.PathMatchingResourcePatternResolver - Searching directory [C:\Users\demet\projects\secrete-site\target\test-classes\com\compomics] for files matching pattern [C:/Users/demet/projects/secrete-site/target/test-classes/com/compomics/*.class]
14:01:11.722 [main] DEBUG org.springframework.core.io.support.PathMatchingResourcePatternResolver - Looking for matching resources in directory tree [C:\Users\demet\projects\secrete-site\target\classes\com\compomics]
14:01:11.722 [main] DEBUG org.springframework.core.io.support.PathMatchingResourcePatternResolver - Searching directory [C:\Users\demet\projects\secrete-site\target\classes\com\compomics] for files matching pattern [C:/Users/demet/projects/secrete-site/target/classes/com/compomics/*.class]
14:01:11.724 [main] DEBUG org.springframework.core.io.support.PathMatchingResourcePatternResolver - Resolved location pattern [classpath*:com/compomics/*.class] to resources []
14:01:11.731 [main] DEBUG org.springframework.core.io.support.PathMatchingResourcePatternResolver - Resolved classpath location [com/] to resources [URL [file:/C:/Users/demet/projects/secrete-site/target/test-classes/com/], URL [file:/C:/Users/demet/projects/secrete-site/target/classes/com/], URL [jar:file:/C:/Users/demet/.m2/repository/com/fasterxml/classmate/1.3.3/classmate-1.3.3.jar!/com/], URL [jar:file:/C:/Users/demet/.m2/repository/com/fasterxml/jackson/core/jackson-databind/2.9.0.pr2/jackson-databind-2.9.0.pr2.jar!/com/], URL [jar:file:/C:/Users/demet/.m2/repository/com/fasterxml/jackson/core/jackson-core/2.9.0.pr2/jackson-core-2.9.0.pr2.jar!/com/], URL [jar:file:/C:/Users/demet/.m2/repository/com/fasterxml/jackson/core/jackson-annotations/2.9.0.pr2/jackson-annotations-2.9.0.pr2.jar!/com/], URL [jar:file:/C:/Users/demet/.m2/repository/com/fasterxml/jackson/datatype/jackson-datatype-jdk8/2.9.0.pr2/jackson-datatype-jdk8-2.9.0.pr2.jar!/com/], URL [jar:file:/C:/Users/demet/.m2/repository/org/projectlombok/lombok/1.16.16/lombok-1.16.16.jar!/com/], URL [jar:file:/C:/Users/demet/.m2/repository/com/jayway/jsonpath/json-path/2.2.0/json-path-2.2.0.jar!/com/]]
14:01:11.731 [main] DEBUG org.springframework.core.io.support.PathMatchingResourcePatternResolver - Looking for matching resources in directory tree [C:\Users\demet\projects\secrete-site\target\test-classes\com]
14:01:11.732 [main] DEBUG org.springframework.core.io.support.PathMatchingResourcePatternResolver - Searching directory [C:\Users\demet\projects\secrete-site\target\test-classes\com] for files matching pattern [C:/Users/demet/projects/secrete-site/target/test-classes/com/*.class]
14:01:11.735 [main] DEBUG org.springframework.core.io.support.PathMatchingResourcePatternResolver - Looking for matching resources in directory tree [C:\Users\demet\projects\secrete-site\target\classes\com]
14:01:11.736 [main] DEBUG org.springframework.core.io.support.PathMatchingResourcePatternResolver - Searching directory [C:\Users\demet\projects\secrete-site\target\classes\com] for files matching pattern [C:/Users/demet/projects/secrete-site/target/classes/com/*.class]
14:01:11.737 [main] DEBUG org.springframework.core.io.support.PathMatchingResourcePatternResolver - Looking for matching resources in jar file [file:/C:/Users/demet/.m2/repository/com/fasterxml/classmate/1.3.3/classmate-1.3.3.jar]
14:01:11.744 [main] DEBUG org.springframework.core.io.support.PathMatchingResourcePatternResolver - Looking for matching resources in jar file [file:/C:/Users/demet/.m2/repository/com/fasterxml/jackson/core/jackson-databind/2.9.0.pr2/jackson-databind-2.9.0.pr2.jar]
14:01:11.818 [main] DEBUG org.springframework.core.io.support.PathMatchingResourcePatternResolver - Looking for matching resources in jar file [file:/C:/Users/demet/.m2/repository/com/fasterxml/jackson/core/jackson-core/2.9.0.pr2/jackson-core-2.9.0.pr2.jar]
14:01:11.827 [main] DEBUG org.springframework.core.io.support.PathMatchingResourcePatternResolver - Looking for matching resources in jar file [file:/C:/Users/demet/.m2/repository/com/fasterxml/jackson/core/jackson-annotations/2.9.0.pr2/jackson-annotations-2.9.0.pr2.jar]
14:01:11.828 [main] DEBUG org.springframework.core.io.support.PathMatchingResourcePatternResolver - Looking for matching resources in jar file [file:/C:/Users/demet/.m2/repository/com/fasterxml/jackson/datatype/jackson-datatype-jdk8/2.9.0.pr2/jackson-datatype-jdk8-2.9.0.pr2.jar]
14:01:11.828 [main] DEBUG org.springframework.core.io.support.PathMatchingResourcePatternResolver - Looking for matching resources in jar file [file:/C:/Users/demet/.m2/repository/org/projectlombok/lombok/1.16.16/lombok-1.16.16.jar]
14:01:11.839 [main] DEBUG org.springframework.core.io.support.PathMatchingResourcePatternResolver - Looking for matching resources in jar file [file:/C:/Users/demet/.m2/repository/com/jayway/jsonpath/json-path/2.2.0/json-path-2.2.0.jar]
14:01:11.865 [main] DEBUG org.springframework.core.io.support.PathMatchingResourcePatternResolver - Resolved location pattern [classpath*:com/*.class] to resources []
14:01:11.885 [main] DEBUG org.springframework.test.context.junit4.SpringJUnit4ClassRunner - SpringJUnit4ClassRunner constructor called with [class com.compomics.secretesite.controllers.services.SequenceServiceTest]
14:01:11.886 [main] DEBUG org.springframework.test.context.BootstrapUtils - Instantiating CacheAwareContextLoaderDelegate from class [org.springframework.test.context.cache.DefaultCacheAwareContextLoaderDelegate]
14:01:11.887 [main] DEBUG org.springframework.test.context.BootstrapUtils - Instantiating BootstrapContext using constructor [public org.springframework.test.context.support.DefaultBootstrapContext(java.lang.Class,org.springframework.test.context.CacheAwareContextLoaderDelegate)]
14:01:11.888 [main] DEBUG org.springframework.test.context.BootstrapUtils - Instantiating TestContextBootstrapper for test class [com.compomics.secretesite.controllers.services.SequenceServiceTest] from class [org.springframework.boot.test.context.SpringBootTestContextBootstrapper]
14:01:11.888 [main] INFO org.springframework.boot.test.context.SpringBootTestContextBootstrapper - Neither @ContextConfiguration nor @ContextHierarchy found for test class [com.compomics.secretesite.controllers.services.SequenceServiceTest], using SpringBootContextLoader
14:01:11.905 [main] DEBUG org.springframework.test.context.support.AbstractContextLoader - Did not detect default resource location for test class [com.compomics.secretesite.controllers.services.SequenceServiceTest]: class path resource [com/compomics/secretesite/controllers/services/SequenceServiceTest-context.xml] does not exist
14:01:11.905 [main] DEBUG org.springframework.test.context.support.AbstractContextLoader - Did not detect default resource location for test class [com.compomics.secretesite.controllers.services.SequenceServiceTest]: class path resource [com/compomics/secretesite/controllers/services/SequenceServiceTestContext.groovy] does not exist
14:01:11.906 [main] INFO org.springframework.test.context.support.AbstractContextLoader - Could not detect default resource locations for test class [com.compomics.secretesite.controllers.services.SequenceServiceTest]: no resource found for suffixes {-context.xml, Context.groovy}.
14:01:11.907 [main] INFO org.springframework.test.context.support.AnnotationConfigContextLoaderUtils - Could not detect default configuration classes for test class [com.compomics.secretesite.controllers.services.SequenceServiceTest]: SequenceServiceTest does not declare any static, non-private, non-final, nested classes annotated with @Configuration.
14:01:11.950 [main] DEBUG org.springframework.test.context.support.ActiveProfilesUtils - Could not find an 'annotation declaring class' for annotation type [org.springframework.test.context.ActiveProfiles] and class [com.compomics.secretesite.controllers.services.SequenceServiceTest]
14:01:11.951 [main] DEBUG org.springframework.core.env.StandardEnvironment - Adding [systemProperties] PropertySource with lowest search precedence
14:01:11.956 [main] DEBUG org.springframework.core.env.StandardEnvironment - Adding [systemEnvironment] PropertySource with lowest search precedence
14:01:11.956 [main] DEBUG org.springframework.core.env.StandardEnvironment - Initialized StandardEnvironment with PropertySources [systemProperties,systemEnvironment]
14:01:11.970 [main] DEBUG org.springframework.core.io.support.PathMatchingResourcePatternResolver - Resolved classpath location [com/compomics/secretesite/controllers/services/] to resources [URL [file:/C:/Users/demet/projects/secrete-site/target/test-classes/com/compomics/secretesite/controllers/services/], URL [file:/C:/Users/demet/projects/secrete-site/target/classes/com/compomics/secretesite/controllers/services/]]
14:01:11.970 [main] DEBUG org.springframework.core.io.support.PathMatchingResourcePatternResolver - Looking for matching resources in directory tree [C:\Users\demet\projects\secrete-site\target\test-classes\com\compomics\secretesite\controllers\services]
14:01:11.970 [main] DEBUG org.springframework.core.io.support.PathMatchingResourcePatternResolver - Searching directory [C:\Users\demet\projects\secrete-site\target\test-classes\com\compomics\secretesite\controllers\services] for files matching pattern [C:/Users/demet/projects/secrete-site/target/test-classes/com/compomics/secretesite/controllers/services/*.class]
14:01:11.974 [main] DEBUG org.springframework.core.io.support.PathMatchingResourcePatternResolver - Looking for matching resources in directory tree [C:\Users\demet\projects\secrete-site\target\classes\com\compomics\secretesite\controllers\services]
14:01:11.975 [main] DEBUG org.springframework.core.io.support.PathMatchingResourcePatternResolver - Searching directory [C:\Users\demet\projects\secrete-site\target\classes\com\compomics\secretesite\controllers\services] for files matching pattern [C:/Users/demet/projects/secrete-site/target/classes/com/compomics/secretesite/controllers/services/*.class]
14:01:11.976 [main] DEBUG org.springframework.core.io.support.PathMatchingResourcePatternResolver - Resolved location pattern [classpath*:com/compomics/secretesite/controllers/services/*.class] to resources [file [C:\Users\demet\projects\secrete-site\target\test-classes\com\compomics\secretesite\controllers\services\SequenceServiceTest.class], file [C:\Users\demet\projects\secrete-site\target\classes\com\compomics\secretesite\controllers\services\SequenceService$1.class], file [C:\Users\demet\projects\secrete-site\target\classes\com\compomics\secretesite\controllers\services\SequenceService.class]]
14:01:12.022 [main] DEBUG org.springframework.core.io.support.PathMatchingResourcePatternResolver - Resolved classpath location [com/compomics/secretesite/controllers/] to resources [URL [file:/C:/Users/demet/projects/secrete-site/target/test-classes/com/compomics/secretesite/controllers/], URL [file:/C:/Users/demet/projects/secrete-site/target/classes/com/compomics/secretesite/controllers/]]
14:01:12.026 [main] DEBUG org.springframework.core.io.support.PathMatchingResourcePatternResolver - Looking for matching resources in directory tree [C:\Users\demet\projects\secrete-site\target\test-classes\com\compomics\secretesite\controllers]
14:01:12.027 [main] DEBUG org.springframework.core.io.support.PathMatchingResourcePatternResolver - Searching directory [C:\Users\demet\projects\secrete-site\target\test-classes\com\compomics\secretesite\controllers] for files matching pattern [C:/Users/demet/projects/secrete-site/target/test-classes/com/compomics/secretesite/controllers/*.class]
14:01:12.027 [main] DEBUG org.springframework.core.io.support.PathMatchingResourcePatternResolver - Looking for matching resources in directory tree [C:\Users\demet\projects\secrete-site\target\classes\com\compomics\secretesite\controllers]
14:01:12.028 [main] DEBUG org.springframework.core.io.support.PathMatchingResourcePatternResolver - Searching directory [C:\Users\demet\projects\secrete-site\target\classes\com\compomics\secretesite\controllers] for files matching pattern [C:/Users/demet/projects/secrete-site/target/classes/com/compomics/secretesite/controllers/*.class]
14:01:12.038 [main] DEBUG org.springframework.core.io.support.PathMatchingResourcePatternResolver - Resolved location pattern [classpath*:com/compomics/secretesite/controllers/*.class] to resources [file [C:\Users\demet\projects\secrete-site\target\classes\com\compomics\secretesite\controllers\GeneViewController.class], file [C:\Users\demet\projects\secrete-site\target\classes\com\compomics\secretesite\controllers\IndexController.class], file [C:\Users\demet\projects\secrete-site\target\classes\com\compomics\secretesite\controllers\ProteinController.class]]
14:01:12.075 [main] DEBUG org.springframework.core.io.support.PathMatchingResourcePatternResolver - Resolved classpath location [com/compomics/secretesite/] to resources [URL [file:/C:/Users/demet/projects/secrete-site/target/test-classes/com/compomics/secretesite/], URL [file:/C:/Users/demet/projects/secrete-site/target/classes/com/compomics/secretesite/]]
14:01:12.076 [main] DEBUG org.springframework.core.io.support.PathMatchingResourcePatternResolver - Looking for matching resources in directory tree [C:\Users\demet\projects\secrete-site\target\test-classes\com\compomics\secretesite]
14:01:12.079 [main] DEBUG org.springframework.core.io.support.PathMatchingResourcePatternResolver - Searching directory [C:\Users\demet\projects\secrete-site\target\test-classes\com\compomics\secretesite] for files matching pattern [C:/Users/demet/projects/secrete-site/target/test-classes/com/compomics/secretesite/*.class]
14:01:12.091 [main] DEBUG org.springframework.core.io.support.PathMatchingResourcePatternResolver - Looking for matching resources in directory tree [C:\Users\demet\projects\secrete-site\target\classes\com\compomics\secretesite]
14:01:12.094 [main] DEBUG org.springframework.core.io.support.PathMatchingResourcePatternResolver - Searching directory [C:\Users\demet\projects\secrete-site\target\classes\com\compomics\secretesite] for files matching pattern [C:/Users/demet/projects/secrete-site/target/classes/com/compomics/secretesite/*.class]
14:01:12.095 [main] DEBUG org.springframework.core.io.support.PathMatchingResourcePatternResolver - Resolved location pattern [classpath*:com/compomics/secretesite/*.class] to resources [file [C:\Users\demet\projects\secrete-site\target\classes\com\compomics\secretesite\SecreteSiteApplication.class], file [C:\Users\demet\projects\secrete-site\target\classes\com\compomics\secretesite\SecreteSiteApplicationCopy.class]]
14:01:12.212 [main] DEBUG org.springframework.context.annotation.ClassPathScanningCandidateComponentProvider - Identified candidate component class: file [C:\Users\demet\projects\secrete-site\target\classes\com\compomics\secretesite\SecreteSiteApplication.class]
14:01:12.222 [main] INFO org.springframework.boot.test.context.SpringBootTestContextBootstrapper - Found @SpringBootConfiguration com.compomics.secretesite.SecreteSiteApplication for test class com.compomics.secretesite.controllers.services.SequenceServiceTest
14:01:12.226 [main] DEBUG org.springframework.core.env.MutablePropertySources - Adding [inline] PropertySource with highest search precedence
14:01:12.256 [main] DEBUG org.springframework.boot.test.context.SpringBootTestContextBootstrapper - @TestExecutionListeners is not present for class [com.compomics.secretesite.controllers.services.SequenceServiceTest]: using defaults.
14:01:12.262 [main] INFO org.springframework.boot.test.context.SpringBootTestContextBootstrapper - Loaded default TestExecutionListener class names from location [META-INF/spring.factories]: [org.springframework.boot.test.mock.mockito.MockitoTestExecutionListener, org.springframework.boot.test.mock.mockito.ResetMocksTestExecutionListener, org.springframework.boot.test.autoconfigure.restdocs.RestDocsTestExecutionListener, org.springframework.boot.test.autoconfigure.web.client.MockRestServiceServerResetTestExecutionListener, org.springframework.boot.test.autoconfigure.web.servlet.MockMvcPrintOnlyOnFailureTestExecutionListener, org.springframework.boot.test.autoconfigure.web.servlet.WebDriverTestExecutionListener, org.springframework.test.context.web.ServletTestExecutionListener, org.springframework.test.context.support.DirtiesContextBeforeModesTestExecutionListener, org.springframework.test.context.support.DependencyInjectionTestExecutionListener, org.springframework.test.context.support.DirtiesContextTestExecutionListener, org.springframework.test.context.transaction.TransactionalTestExecutionListener, org.springframework.test.context.jdbc.SqlScriptsTestExecutionListener]
14:01:12.301 [main] INFO org.springframework.boot.test.context.SpringBootTestContextBootstrapper - Using TestExecutionListeners: [org.springframework.test.context.web.ServletTestExecutionListener@add0edd, org.springframework.test.context.support.DirtiesContextBeforeModesTestExecutionListener@2aa3cd93, org.springframework.boot.test.autoconfigure.SpringBootDependencyInjectionTestExecutionListener@7ea37dbf, org.springframework.test.context.support.DirtiesContextTestExecutionListener@4b44655e, org.springframework.test.context.transaction.TransactionalTestExecutionListener@290d210d, org.springframework.test.context.jdbc.SqlScriptsTestExecutionListener@1d76aeea, org.springframework.boot.test.mock.mockito.ResetMocksTestExecutionListener@78dd667e, org.springframework.boot.test.autoconfigure.restdocs.RestDocsTestExecutionListener@10db82ae, org.springframework.boot.test.mock.mockito.MockitoTestExecutionListener@501edcf1, org.springframework.boot.test.autoconfigure.web.servlet.MockMvcPrintOnlyOnFailureTestExecutionListener@78b729e6, org.springframework.boot.test.autoconfigure.web.servlet.WebDriverTestExecutionListener@6b4a4e18, org.springframework.boot.test.autoconfigure.web.client.MockRestServiceServerResetTestExecutionListener@27c86f2d]
14:01:12.305 [main] DEBUG org.springframework.test.annotation.ProfileValueUtils - Retrieved @ProfileValueSourceConfiguration [null] for test class [com.compomics.secretesite.controllers.services.SequenceServiceTest]
14:01:12.306 [main] DEBUG org.springframework.test.annotation.ProfileValueUtils - Retrieved ProfileValueSource type [class org.springframework.test.annotation.SystemProfileValueSource] for class [com.compomics.secretesite.controllers.services.SequenceServiceTest]
14:01:12.311 [main] DEBUG org.springframework.test.context.junit4.SpringJUnit4ClassRunner - SpringJUnit4ClassRunner constructor called with [class com.compomics.secrete.site.SecreteSiteApplicationTests]
14:01:12.312 [main] DEBUG org.springframework.test.context.BootstrapUtils - Instantiating CacheAwareContextLoaderDelegate from class [org.springframework.test.context.cache.DefaultCacheAwareContextLoaderDelegate]
14:01:12.312 [main] DEBUG org.springframework.test.context.BootstrapUtils - Instantiating BootstrapContext using constructor [public org.springframework.test.context.support.DefaultBootstrapContext(java.lang.Class,org.springframework.test.context.CacheAwareContextLoaderDelegate)]
14:01:12.313 [main] DEBUG org.springframework.test.context.BootstrapUtils - Instantiating TestContextBootstrapper for test class [com.compomics.secrete.site.SecreteSiteApplicationTests] from class [org.springframework.boot.test.context.SpringBootTestContextBootstrapper]
14:01:12.315 [main] INFO org.springframework.boot.test.context.SpringBootTestContextBootstrapper - Neither @ContextConfiguration nor @ContextHierarchy found for test class [com.compomics.secrete.site.SecreteSiteApplicationTests], using SpringBootContextLoader
14:01:12.317 [main] DEBUG org.springframework.test.context.support.AbstractContextLoader - Did not detect default resource location for test class [com.compomics.secrete.site.SecreteSiteApplicationTests]: class path resource [com/compomics/secrete/site/SecreteSiteApplicationTests-context.xml] does not exist
14:01:12.317 [main] DEBUG org.springframework.test.context.support.AbstractContextLoader - Did not detect default resource location for test class [com.compomics.secrete.site.SecreteSiteApplicationTests]: class path resource [com/compomics/secrete/site/SecreteSiteApplicationTestsContext.groovy] does not exist
14:01:12.318 [main] INFO org.springframework.test.context.support.AbstractContextLoader - Could not detect default resource locations for test class [com.compomics.secrete.site.SecreteSiteApplicationTests]: no resource found for suffixes {-context.xml, Context.groovy}.
14:01:12.318 [main] INFO org.springframework.test.context.support.AnnotationConfigContextLoaderUtils - Could not detect default configuration classes for test class [com.compomics.secrete.site.SecreteSiteApplicationTests]: SecreteSiteApplicationTests does not declare any static, non-private, non-final, nested classes annotated with @Configuration.
14:01:12.333 [main] DEBUG org.springframework.test.context.support.ActiveProfilesUtils - Could not find an 'annotation declaring class' for annotation type [org.springframework.test.context.ActiveProfiles] and class [com.compomics.secrete.site.SecreteSiteApplicationTests]
14:01:12.334 [main] DEBUG org.springframework.core.env.StandardEnvironment - Adding [systemProperties] PropertySource with lowest search precedence
14:01:12.334 [main] DEBUG org.springframework.core.env.StandardEnvironment - Adding [systemEnvironment] PropertySource with lowest search precedence
14:01:12.334 [main] DEBUG org.springframework.core.env.StandardEnvironment - Initialized StandardEnvironment with PropertySources [systemProperties,systemEnvironment]
14:01:12.335 [main] DEBUG org.springframework.core.io.support.PathMatchingResourcePatternResolver - Resolved classpath location [com/compomics/secrete/site/] to resources [URL [file:/C:/Users/demet/projects/secrete-site/target/test-classes/com/compomics/secrete/site/]]
14:01:12.335 [main] DEBUG org.springframework.core.io.support.PathMatchingResourcePatternResolver - Looking for matching resources in directory tree [C:\Users\demet\projects\secrete-site\target\test-classes\com\compomics\secrete\site]
14:01:12.335 [main] DEBUG org.springframework.core.io.support.PathMatchingResourcePatternResolver - Searching directory [C:\Users\demet\projects\secrete-site\target\test-classes\com\compomics\secrete\site] for files matching pattern [C:/Users/demet/projects/secrete-site/target/test-classes/com/compomics/secrete/site/*.class]
14:01:12.336 [main] DEBUG org.springframework.core.io.support.PathMatchingResourcePatternResolver - Resolved location pattern [classpath*:com/compomics/secrete/site/*.class] to resources [file [C:\Users\demet\projects\secrete-site\target\test-classes\com\compomics\secrete\site\SecreteSiteApplicationTests.class]]
14:01:12.338 [main] DEBUG org.springframework.core.io.support.PathMatchingResourcePatternResolver - Resolved classpath location [com/compomics/secrete/] to resources [URL [file:/C:/Users/demet/projects/secrete-site/target/test-classes/com/compomics/secrete/]]
14:01:12.338 [main] DEBUG org.springframework.core.io.support.PathMatchingResourcePatternResolver - Looking for matching resources in directory tree [C:\Users\demet\projects\secrete-site\target\test-classes\com\compomics\secrete]
14:01:12.338 [main] DEBUG org.springframework.core.io.support.PathMatchingResourcePatternResolver - Searching directory [C:\Users\demet\projects\secrete-site\target\test-classes\com\compomics\secrete] for files matching pattern [C:/Users/demet/projects/secrete-site/target/test-classes/com/compomics/secrete/*.class]
14:01:12.339 [main] DEBUG org.springframework.core.io.support.PathMatchingResourcePatternResolver - Resolved location pattern [classpath*:com/compomics/secrete/*.class] to resources []
14:01:12.340 [main] DEBUG org.springframework.core.io.support.PathMatchingResourcePatternResolver - Resolved classpath location [com/compomics/] to resources [URL [file:/C:/Users/demet/projects/secrete-site/target/test-classes/com/compomics/], URL [file:/C:/Users/demet/projects/secrete-site/target/classes/com/compomics/]]
14:01:12.340 [main] DEBUG org.springframework.core.io.support.PathMatchingResourcePatternResolver - Looking for matching resources in directory tree [C:\Users\demet\projects\secrete-site\target\test-classes\com\compomics]
14:01:12.340 [main] DEBUG org.springframework.core.io.support.PathMatchingResourcePatternResolver - Searching directory [C:\Users\demet\projects\secrete-site\target\test-classes\com\compomics] for files matching pattern [C:/Users/demet/projects/secrete-site/target/test-classes/com/compomics/*.class]
14:01:12.341 [main] DEBUG org.springframework.core.io.support.PathMatchingResourcePatternResolver - Looking for matching resources in directory tree [C:\Users\demet\projects\secrete-site\target\classes\com\compomics]
14:01:12.341 [main] DEBUG org.springframework.core.io.support.PathMatchingResourcePatternResolver - Searching directory [C:\Users\demet\projects\secrete-site\target\classes\com\compomics] for files matching pattern [C:/Users/demet/projects/secrete-site/target/classes/com/compomics/*.class]
14:01:12.341 [main] DEBUG org.springframework.core.io.support.PathMatchingResourcePatternResolver - Resolved location pattern [classpath*:com/compomics/*.class] to resources []
14:01:12.344 [main] DEBUG org.springframework.core.io.support.PathMatchingResourcePatternResolver - Resolved classpath location [com/] to resources [URL [file:/C:/Users/demet/projects/secrete-site/target/test-classes/com/], URL [file:/C:/Users/demet/projects/secrete-site/target/classes/com/], URL [jar:file:/C:/Users/demet/.m2/repository/com/fasterxml/classmate/1.3.3/classmate-1.3.3.jar!/com/], URL [jar:file:/C:/Users/demet/.m2/repository/com/fasterxml/jackson/core/jackson-databind/2.9.0.pr2/jackson-databind-2.9.0.pr2.jar!/com/], URL [jar:file:/C:/Users/demet/.m2/repository/com/fasterxml/jackson/core/jackson-core/2.9.0.pr2/jackson-core-2.9.0.pr2.jar!/com/], URL [jar:file:/C:/Users/demet/.m2/repository/com/fasterxml/jackson/core/jackson-annotations/2.9.0.pr2/jackson-annotations-2.9.0.pr2.jar!/com/], URL [jar:file:/C:/Users/demet/.m2/repository/com/fasterxml/jackson/datatype/jackson-datatype-jdk8/2.9.0.pr2/jackson-datatype-jdk8-2.9.0.pr2.jar!/com/], URL [jar:file:/C:/Users/demet/.m2/repository/org/projectlombok/lombok/1.16.16/lombok-1.16.16.jar!/com/], URL [jar:file:/C:/Users/demet/.m2/repository/com/jayway/jsonpath/json-path/2.2.0/json-path-2.2.0.jar!/com/]]
14:01:12.344 [main] DEBUG org.springframework.core.io.support.PathMatchingResourcePatternResolver - Looking for matching resources in directory tree [C:\Users\demet\projects\secrete-site\target\test-classes\com]
14:01:12.344 [main] DEBUG org.springframework.core.io.support.PathMatchingResourcePatternResolver - Searching directory [C:\Users\demet\projects\secrete-site\target\test-classes\com] for files matching pattern [C:/Users/demet/projects/secrete-site/target/test-classes/com/*.class]
14:01:12.345 [main] DEBUG org.springframework.core.io.support.PathMatchingResourcePatternResolver - Looking for matching resources in directory tree [C:\Users\demet\projects\secrete-site\target\classes\com]
14:01:12.345 [main] DEBUG org.springframework.core.io.support.PathMatchingResourcePatternResolver - Searching directory [C:\Users\demet\projects\secrete-site\target\classes\com] for files matching pattern [C:/Users/demet/projects/secrete-site/target/classes/com/*.class]
14:01:12.346 [main] DEBUG org.springframework.core.io.support.PathMatchingResourcePatternResolver - Looking for matching resources in jar file [file:/C:/Users/demet/.m2/repository/com/fasterxml/classmate/1.3.3/classmate-1.3.3.jar]
14:01:12.347 [main] DEBUG org.springframework.core.io.support.PathMatchingResourcePatternResolver - Looking for matching resources in jar file [file:/C:/Users/demet/.m2/repository/com/fasterxml/jackson/core/jackson-databind/2.9.0.pr2/jackson-databind-2.9.0.pr2.jar]
14:01:12.352 [main] DEBUG org.springframework.core.io.support.PathMatchingResourcePatternResolver - Looking for matching resources in jar file [file:/C:/Users/demet/.m2/repository/com/fasterxml/jackson/core/jackson-core/2.9.0.pr2/jackson-core-2.9.0.pr2.jar]
14:01:12.375 [main] DEBUG org.springframework.core.io.support.PathMatchingResourcePatternResolver - Looking for matching resources in jar file [file:/C:/Users/demet/.m2/repository/com/fasterxml/jackson/core/jackson-annotations/2.9.0.pr2/jackson-annotations-2.9.0.pr2.jar]
14:01:12.377 [main] DEBUG org.springframework.core.io.support.PathMatchingResourcePatternResolver - Looking for matching resources in jar file [file:/C:/Users/demet/.m2/repository/com/fasterxml/jackson/datatype/jackson-datatype-jdk8/2.9.0.pr2/jackson-datatype-jdk8-2.9.0.pr2.jar]
14:01:12.385 [main] DEBUG org.springframework.core.io.support.PathMatchingResourcePatternResolver - Looking for matching resources in jar file [file:/C:/Users/demet/.m2/repository/org/projectlombok/lombok/1.16.16/lombok-1.16.16.jar]
14:01:12.412 [main] DEBUG org.springframework.core.io.support.PathMatchingResourcePatternResolver - Looking for matching resources in jar file [file:/C:/Users/demet/.m2/repository/com/jayway/jsonpath/json-path/2.2.0/json-path-2.2.0.jar]
14:01:12.415 [main] DEBUG org.springframework.core.io.support.PathMatchingResourcePatternResolver - Resolved location pattern [classpath*:com/*.class] to resources []
]]></system-out>
  </testcase>
</testsuite>